<component name="libraryTable">
  <library name="junit-vintage-engine-5.7.0">
    <CLASSES>
      <root url="jar://$USER_HOME$/Downloads/junit-vintage-engine-5.7.0.jar!/" />
    </CLASSES>
    <JAVADOC />
    <SOURCES />
  </library>
</component>