<component name="libraryTable">
  <library name="junit-vintage-engine-5.7.0">
    <CLASSES />
    <JAVADOC />
    <SOURCES />
  </library>
</component>